[    0.000000] Linux version 4.15.0-74-generic (buildd@lcy01-amd64-022) (gcc version 7.4.0 (Ubuntu 7.4.0-1ubuntu1~18.04.1)) #84-Ubuntu SMP Thu Dec 19 08:06:28 UTC 2019 (Ubuntu 4.15.0-74.84-generic 4.15.18)
[    0.000000] Command line: BOOT_IMAGE=/boot/vmlinuz-4.15.0-74-generic root=LABEL=cloudimg-rootfs ro console=tty1 console=ttyS0
[    0.000000] KERNEL supported cpus:
[    0.000000]   Intel GenuineIntel
[    0.000000]   AMD AuthenticAMD
[    0.000000]   Centaur CentaurHauls
[    0.000000] x86/fpu: Supporting XSAVE feature 0x001: 'x87 floating point registers'
[    0.000000] x86/fpu: Supporting XSAVE feature 0x002: 'SSE registers'
[    0.000000] x86/fpu: Supporting XSAVE feature 0x004: 'AVX registers'
[    0.000000] x86/fpu: xstate_offset[2]:  576, xstate_sizes[2]:  256
[    0.000000] x86/fpu: Enabled xstate features 0x7, context size is 832 bytes, using 'standard' format.
[    0.000000] e820: BIOS-provided physical RAM map:
[    0.000000] BIOS-e820: [mem 0x0000000000000000-0x000000000009fbff] usable
[    0.000000] BIOS-e820: [mem 0x000000000009fc00-0x000000000009ffff] reserved
[    0.000000] BIOS-e820: [mem 0x00000000000f0000-0x00000000000fffff] reserved
[    0.000000] BIOS-e820: [mem 0x0000000000100000-0x000000007ffeffff] usable
[    0.000000] BIOS-e820: [mem 0x000000007fff0000-0x000000007fffffff] ACPI data
[    0.000000] BIOS-e820: [mem 0x00000000fec00000-0x00000000fec00fff] reserved
[    0.000000] BIOS-e820: [mem 0x00000000fee00000-0x00000000fee00fff] reserved
[    0.000000] BIOS-e820: [mem 0x00000000fffc0000-0x00000000ffffffff] reserved
[    0.000000] NX (Execute Disable) protection: active
[    0.000000] SMBIOS 2.5 present.
[    0.000000] DMI: innotek GmbH VirtualBox/VirtualBox, BIOS VirtualBox 12/01/2006
[    0.000000] Hypervisor detected: KVM
[    0.000000] e820: last_pfn = 0x7fff0 max_arch_pfn = 0x400000000
[    0.000000] MTRR: Disabled
[    0.000000] x86/PAT: MTRRs disabled, skipping PAT initialization too.
[    0.000000] CPU MTRRs all blank - virtualized system.
[    0.000000] x86/PAT: Configuration [0-7]: WB  WT  UC- UC  WB  WT  UC- UC  
[    0.000000] found SMP MP-table at [mem 0x0009fff0-0x0009ffff]
[    0.000000] Scanning 1 areas for low memory corruption
[    0.000000] RAMDISK: [mem 0x35a6f000-0x36d2efff]
[    0.000000] ACPI: Early table checksum verification disabled
[    0.000000] ACPI: RSDP 0x00000000000E0000 000024 (v02 VBOX  )
[    0.000000] ACPI: XSDT 0x000000007FFF0030 00003C (v01 VBOX   VBOXXSDT 00000001 ASL  00000061)
[    0.000000] ACPI: FACP 0x000000007FFF00F0 0000F4 (v04 VBOX   VBOXFACP 00000001 ASL  00000061)
[    0.000000] ACPI: DSDT 0x000000007FFF0470 002325 (v02 VBOX   VBOXBIOS 00000002 INTL 20100528)
[    0.000000] ACPI: FACS 0x000000007FFF0200 000040
[    0.000000] ACPI: FACS 0x000000007FFF0200 000040
[    0.000000] ACPI: APIC 0x000000007FFF0240 00005C (v02 VBOX   VBOXAPIC 00000001 ASL  00000061)
[    0.000000] ACPI: SSDT 0x000000007FFF02A0 0001CC (v01 VBOX   VBOXCPUT 00000002 INTL 20100528)
[    0.000000] No NUMA configuration found
[    0.000000] Faking a node at [mem 0x0000000000000000-0x000000007ffeffff]
[    0.000000] NODE_DATA(0) allocated [mem 0x7ffc5000-0x7ffeffff]
[    0.000000] kvm-clock: cpu 0, msr 0:7ff44001, primary cpu clock
[    0.000000] kvm-clock: Using msrs 4b564d01 and 4b564d00
[    0.000000] kvm-clock: using sched offset of 3602788990 cycles
[    0.000000] clocksource: kvm-clock: mask: 0xffffffffffffffff max_cycles: 0x1cd42e4dffb, max_idle_ns: 881590591483 ns
[    0.000000] Zone ranges:
[    0.000000]   DMA      [mem 0x0000000000001000-0x0000000000ffffff]
[    0.000000]   DMA32    [mem 0x0000000001000000-0x000000007ffeffff]
[    0.000000]   Normal   empty
[    0.000000]   Device   empty
[    0.000000] Movable zone start for each node
[    0.000000] Early memory node ranges
[    0.000000]   node   0: [mem 0x0000000000001000-0x000000000009efff]
[    0.000000]   node   0: [mem 0x0000000000100000-0x000000007ffeffff]
[    0.000000] Reserved but unavailable: 98 pages
[    0.000000] Initmem setup node 0 [mem 0x0000000000001000-0x000000007ffeffff]
[    0.000000] ACPI: PM-Timer IO Port: 0x4008
[    0.000000] IOAPIC[0]: apic_id 2, version 32, address 0xfec00000, GSI 0-23
[    0.000000] ACPI: INT_SRC_OVR (bus 0 bus_irq 0 global_irq 2 dfl dfl)
[    0.000000] ACPI: INT_SRC_OVR (bus 0 bus_irq 9 global_irq 9 low level)
[    0.000000] Using ACPI (MADT) for SMP configuration information
[    0.000000] smpboot: Allowing 2 CPUs, 0 hotplug CPUs
[    0.000000] PM: Registered nosave memory: [mem 0x00000000-0x00000fff]
[    0.000000] PM: Registered nosave memory: [mem 0x0009f000-0x0009ffff]
[    0.000000] PM: Registered nosave memory: [mem 0x000a0000-0x000effff]
[    0.000000] PM: Registered nosave memory: [mem 0x000f0000-0x000fffff]
[    0.000000] e820: [mem 0x80000000-0xfebfffff] available for PCI devices
[    0.000000] Booting paravirtualized kernel on KVM
[    0.000000] clocksource: refined-jiffies: mask: 0xffffffff max_cycles: 0xffffffff, max_idle_ns: 7645519600211568 ns
[    0.000000] random: get_random_bytes called from start_kernel+0x99/0x4fd with crng_init=0
[    0.000000] setup_percpu: NR_CPUS:8192 nr_cpumask_bits:2 nr_cpu_ids:2 nr_node_ids:1
[    0.000000] percpu: Embedded 45 pages/cpu s147456 r8192 d28672 u1048576
[    0.000000] PV qspinlock hash table entries: 256 (order: 0, 4096 bytes)
[    0.000000] Built 1 zonelists, mobility grouping on.  Total pages: 515961
[    0.000000] Policy zone: DMA32
[    0.000000] Kernel command line: BOOT_IMAGE=/boot/vmlinuz-4.15.0-74-generic root=LABEL=cloudimg-rootfs ro console=tty1 console=ttyS0
[    0.000000] Memory: 2015272K/2096696K available (12300K kernel code, 2481K rwdata, 4260K rodata, 2428K init, 2704K bss, 81424K reserved, 0K cma-reserved)
[    0.000000] SLUB: HWalign=64, Order=0-3, MinObjects=0, CPUs=2, Nodes=1
[    0.000000] Kernel/User page tables isolation: enabled
[    0.000000] ftrace: allocating 39322 entries in 154 pages
[    0.004000] Hierarchical RCU implementation.
[    0.004000] 	RCU restricting CPUs from NR_CPUS=8192 to nr_cpu_ids=2.
[    0.004000] 	Tasks RCU enabled.
[    0.004000] RCU: Adjusting geometry for rcu_fanout_leaf=16, nr_cpu_ids=2
[    0.004000] NR_IRQS: 524544, nr_irqs: 440, preallocated irqs: 16
[    0.004000] Console: colour VGA+ 80x25
[    0.004000] console [tty1] enabled
[    0.004000] console [ttyS0] enabled
[    0.004000] ACPI: Core revision 20170831
[    0.004000] ACPI: 2 ACPI AML tables successfully acquired and loaded
[    0.004000] APIC: Switch to symmetric I/O mode setup
[    0.004000] x2apic enabled
[    0.004000] Switched APIC routing to physical x2apic.
[    0.004000] ..TIMER: vector=0x30 apic1=0 pin1=2 apic2=-1 pin2=-1
[    0.004003] tsc: Detected 2592.000 MHz processor
[    0.004723] Calibrating delay loop (skipped) preset value.. 5184.00 BogoMIPS (lpj=10368000)
[    0.005397] pid_max: default: 32768 minimum: 301
[    0.006418] Security Framework initialized
[    0.007125] Yama: becoming mindful.
[    0.008034] AppArmor: AppArmor initialized
[    0.010407] Dentry cache hash table entries: 262144 (order: 9, 2097152 bytes)
[    0.013860] Inode-cache hash table entries: 131072 (order: 8, 1048576 bytes)
[    0.015610] Mount-cache hash table entries: 4096 (order: 3, 32768 bytes)
[    0.016006] Mountpoint-cache hash table entries: 4096 (order: 3, 32768 bytes)
[    0.017338] Last level iTLB entries: 4KB 64, 2MB 8, 4MB 8
[    0.018458] Last level dTLB entries: 4KB 64, 2MB 0, 4MB 0, 1GB 4
[    0.020003] Spectre V1 : Mitigation: usercopy/swapgs barriers and __user pointer sanitization
[    0.021733] Spectre V2 : Mitigation: Full generic retpoline
[    0.022650] Spectre V2 : Spectre v2 / SpectreRSB mitigation: Filling RSB on context switch
[    0.024004] Speculative Store Bypass: Vulnerable
[    0.024821] MDS: Mitigation: Clear CPU buffers
[    0.025689] Freeing SMP alternatives memory: 36K
[    0.136205] smpboot: CPU0: Intel(R) Core(TM) i7-8850H CPU @ 2.60GHz (family: 0x6, model: 0x9e, stepping: 0xa)
[    0.139204] Performance Events: unsupported p6 CPU model 158 no PMU driver, software events only.
[    0.140050] Hierarchical SRCU implementation.
[    0.141399] NMI watchdog: Perf event create on CPU 0 failed with -2
[    0.142566] NMI watchdog: Perf NMI watchdog permanently disabled
[    0.144132] smp: Bringing up secondary CPUs ...
[    0.144957] x86: Booting SMP configuration:
[    0.145704] .... node  #0, CPUs:      #1
[    0.004000] kvm-clock: cpu 1, msr 0:7ff44041, secondary cpu clock
[    0.150754] smp: Brought up 1 node, 2 CPUs
[    0.150754] smpboot: Max logical packages: 1
[    0.152005] smpboot: Total of 2 processors activated (10368.00 BogoMIPS)
[    0.153540] devtmpfs: initialized
[    0.153540] x86/mm: Memory block size: 128MB
[    0.156023] evm: security.selinux
[    0.156571] evm: security.SMACK64
[    0.157190] evm: security.SMACK64EXEC
[    0.157791] evm: security.SMACK64TRANSMUTE
[    0.158968] evm: security.SMACK64MMAP
[    0.159859] evm: security.apparmor
[    0.160003] evm: security.ima
[    0.160487] evm: security.capability
[    0.161119] clocksource: jiffies: mask: 0xffffffff max_cycles: 0xffffffff, max_idle_ns: 7645041785100000 ns
[    0.161510] futex hash table entries: 512 (order: 3, 32768 bytes)
[    0.164048] pinctrl core: initialized pinctrl subsystem
[    0.164918] RTC time: 15:25:26, date: 01/16/20
[    0.165805] NET: Registered protocol family 16
[    0.166992] audit: initializing netlink subsys (disabled)
[    0.168018] audit: type=2000 audit(1579188332.202:1): state=initialized audit_enabled=0 res=1
[    0.169300] cpuidle: using governor ladder
[    0.169300] cpuidle: using governor menu
[    0.169736] ACPI: bus type PCI registered
[    0.170713] acpiphp: ACPI Hot Plug PCI Controller Driver version: 0.5
[    0.172111] PCI: Using configuration type 1 for base access
[    0.176058] HugeTLB registered 2.00 MiB page size, pre-allocated 0 pages
[    0.180074] ACPI: Added _OSI(Module Device)
[    0.180809] ACPI: Added _OSI(Processor Device)
[    0.181552] ACPI: Added _OSI(3.0 _SCP Extensions)
[    0.182471] ACPI: Added _OSI(Processor Aggregator Device)
[    0.183313] ACPI: Added _OSI(Linux-Dell-Video)
[    0.184009] ACPI: Added _OSI(Linux-Lenovo-NV-HDMI-Audio)
[    0.184873] ACPI: Added _OSI(Linux-HPI-Hybrid-Graphics)
[    0.186178] ACPI: Executed 1 blocks of module-level executable AML code
[    0.189913] ACPI: Interpreter enabled
[    0.190548] ACPI: (supports S0 S5)
[    0.191166] ACPI: Using IOAPIC for interrupt routing
[    0.192119] PCI: Using host bridge windows from ACPI; if necessary, use "pci=nocrs" and report a bug
[    0.193755] ACPI: Enabled 2 GPEs in block 00 to 07
[    0.199674] ACPI: PCI Root Bridge [PCI0] (domain 0000 [bus 00-ff])
[    0.200006] acpi PNP0A03:00: _OSC: OS supports [ASPM ClockPM Segments MSI]
[    0.202087] acpi PNP0A03:00: _OSC: not requesting OS control; OS requires [ExtendedConfig ASPM ClockPM MSI]
[    0.204016] acpi PNP0A03:00: fail to add MMCONFIG information, can't access extended PCI configuration space under this bridge.
[    0.206248] PCI host bridge to bus 0000:00
[    0.207084] pci_bus 0000:00: root bus resource [io  0x0000-0x0cf7 window]
[    0.208004] pci_bus 0000:00: root bus resource [io  0x0d00-0xffff window]
[    0.209047] pci_bus 0000:00: root bus resource [mem 0x000a0000-0x000bffff window]
[    0.210235] pci_bus 0000:00: root bus resource [mem 0x80000000-0xfdffffff window]
[    0.212002] pci_bus 0000:00: root bus resource [bus 00-ff]
[    0.214807] pci 0000:00:01.1: legacy IDE quirk: reg 0x10: [io  0x01f0-0x01f7]
[    0.216002] pci 0000:00:01.1: legacy IDE quirk: reg 0x14: [io  0x03f6]
[    0.217012] pci 0000:00:01.1: legacy IDE quirk: reg 0x18: [io  0x0170-0x0177]
[    0.218236] pci 0000:00:01.1: legacy IDE quirk: reg 0x1c: [io  0x0376]
[    0.249374] pci 0000:00:07.0: quirk: [io  0x4000-0x403f] claimed by PIIX4 ACPI
[    0.251093] pci 0000:00:07.0: quirk: [io  0x4100-0x410f] claimed by PIIX4 SMB
[    0.272637] ACPI: PCI Interrupt Link [LNKA] (IRQs 5 9 10 *11)
[    0.274457] ACPI: PCI Interrupt Link [LNKB] (IRQs 5 9 *10 11)
[    0.276123] ACPI: PCI Interrupt Link [LNKC] (IRQs 5 *9 10 11)
[    0.277624] ACPI: PCI Interrupt Link [LNKD] (IRQs 5 9 10 *11)
[    0.279524] SCSI subsystem initialized
[    0.280069] pci 0000:00:02.0: vgaarb: setting as boot VGA device
[    0.281553] pci 0000:00:02.0: vgaarb: VGA device added: decodes=io+mem,owns=io+mem,locks=none
[    0.283094] pci 0000:00:02.0: vgaarb: bridge control possible
[    0.284010] vgaarb: loaded
[    0.284579] ACPI: bus type USB registered
[    0.285317] usbcore: registered new interface driver usbfs
[    0.288052] usbcore: registered new interface driver hub
[    0.289253] usbcore: registered new device driver usb
[    0.290236] EDAC MC: Ver: 3.0.0
[    0.290236] PCI: Using ACPI for IRQ routing
[    0.292307] NetLabel: Initializing
[    0.292967] NetLabel:  domain hash size = 128
[    0.294026] NetLabel:  protocols = UNLABELED CIPSOv4 CALIPSO
[    0.295288] NetLabel:  unlabeled traffic allowed by default
[    0.296103] clocksource: Switched to clocksource kvm-clock
[    0.311972] VFS: Disk quotas dquot_6.6.0
[    0.312922] VFS: Dquot-cache hash table entries: 512 (order 0, 4096 bytes)
[    0.314471] AppArmor: AppArmor Filesystem Enabled
[    0.315260] pnp: PnP ACPI init
[    0.317144] pnp: PnP ACPI: found 3 devices
[    0.326428] clocksource: acpi_pm: mask: 0xffffff max_cycles: 0xffffff, max_idle_ns: 2085701024 ns
[    0.328549] NET: Registered protocol family 2
[    0.329506] TCP established hash table entries: 16384 (order: 5, 131072 bytes)
[    0.330810] TCP bind hash table entries: 16384 (order: 6, 262144 bytes)
[    0.332074] TCP: Hash tables configured (established 16384 bind 16384)
[    0.334823] UDP hash table entries: 1024 (order: 3, 32768 bytes)
[    0.336149] UDP-Lite hash table entries: 1024 (order: 3, 32768 bytes)
[    0.337539] NET: Registered protocol family 1
[    0.338593] pci 0000:00:00.0: Limiting direct PCI/PCI transfers
[    0.339918] pci 0000:00:01.0: Activating ISA DMA hang workarounds
[    0.341393] pci 0000:00:02.0: Video device with shadowed ROM at [mem 0x000c0000-0x000dffff]
[    0.343527] Unpacking initramfs...
[    0.682654] Freeing initrd memory: 19200K
[    0.683959] clocksource: tsc: mask: 0xffffffffffffffff max_cycles: 0x255cb6cc5db, max_idle_ns: 440795203504 ns
[    0.686594] platform rtc_cmos: registered platform RTC device (no PNP device found)
[    0.688637] Scanning for low memory corruption every 60 seconds
[    0.690419] Initialise system trusted keyrings
[    0.691536] Key type blacklist registered
[    0.692680] workingset: timestamp_bits=36 max_order=19 bucket_order=0
[    0.694774] zbud: loaded
[    0.695771] squashfs: version 4.0 (2009/01/31) Phillip Lougher
[    0.697108] fuse init (API version 7.26)
[    0.700739] Key type asymmetric registered
[    0.701547] Asymmetric key parser 'x509' registered
[    0.702495] Block layer SCSI generic (bsg) driver version 0.4 loaded (major 246)
[    0.703916] io scheduler noop registered
[    0.704756] io scheduler deadline registered
[    0.705586] io scheduler cfq registered (default)
[    0.706818] ACPI: AC Adapter [AC] (on-line)
[    0.707622] input: Power Button as /devices/LNXSYSTM:00/LNXPWRBN:00/input/input0
[    0.708879] ACPI: Power Button [PWRF]
[    0.709540] input: Sleep Button as /devices/LNXSYSTM:00/LNXSLPBN:00/input/input1
[    0.710724] ACPI: Sleep Button [SLPF]
[    0.712215] Serial: 8250/16550 driver, 32 ports, IRQ sharing enabled
[    0.712468] ACPI: Battery Slot [BAT0] (battery present)
[    0.734661] 00:02: ttyS0 at I/O 0x3f8 (irq = 4, base_baud =115200) is a 16550A
[    0.738395] Linux agpgart interface v0.103
[    0.741687] loop: module loaded
[    0.742717] scsi host0: ata_piix
[    0.743398] scsi host1: ata_piix
[    0.743956] ata1: PATA max UDMA/33 cmd 0x1f0 ctl 0x3f6 bmdma 0xd000 irq 14
[    0.745089] ata2: PATA max UDMA/33 cmd 0x170 ctl 0x376 bmdma 0xd008 irq 15
[    0.746229] libphy: Fixed MDIO Bus: probed
[    0.747063] tun: Universal TUN/TAP device driver, 1.6
[    0.747881] PPP generic driver version 2.4.2
[    0.748639] ehci_hcd: USB 2.0 'Enhanced' Host Controller (EHCI) Driver
[    0.749643] ehci-pci: EHCI PCI platform driver
[    0.750376] ehci-platform: EHCI generic platform driver
[    0.751254] ohci_hcd: USB 1.1 'Open' Host Controller (OHCI) Driver
[    0.752194] ohci-pci: OHCI PCI platform driver
[    0.753087] ohci-platform: OHCI generic platform driver
[    0.753931] uhci_hcd: USB Universal Host Controller Interface driver
[    0.755143] i8042: PNP: PS/2 Controller [PNP0303:PS2K,PNP0f03:PS2M] at 0x60,0x64 irq 1,12
[    0.756837] serio: i8042 KBD port at 0x60,0x64 irq 1
[    0.757646] serio: i8042 AUX port at 0x60,0x64 irq 12
[    0.758686] mousedev: PS/2 mouse device common for all mice
[    0.759741] input: AT Translated Set 2 keyboard as /devices/platform/i8042/serio0/input/input2
[    0.761706] rtc_cmos rtc_cmos: rtc core: registered rtc_cmos as rtc0
[    0.762736] rtc_cmos rtc_cmos: alarms up to one day, 114 bytes nvram
[    0.763720] i2c /dev entries driver
[    0.764361] device-mapper: uevent: version 1.0.3
[    0.765166] device-mapper: ioctl: 4.37.0-ioctl (2017-09-20) initialised: dm-devel@redhat.com
[    0.766517] ledtrig-cpu: registered to indicate activity on CPUs
[    0.767789] NET: Registered protocol family 10
[    0.771462] Segment Routing with IPv6
[    0.772401] NET: Registered protocol family 17
[    0.773176] Key type dns_resolver registered
[    0.774023] mce: Using 0 MCE banks
[    0.774925] RAS: Correctable Errors collector initialized.
[    0.775831] sched_clock: Marking stable (774001847, 0)->(945682474, -171680627)
[    0.777942] registered taskstats version 1
[    0.778615] Loading compiled-in X.509 certificates
[    0.781089] Loaded X.509 cert 'Build time autogenerated kernel key: 62d24f9c726e026b112735485dad6e6e4b50c923'
[    0.782637] zswap: loaded using pool lzo/zbud
[    0.785900] Key type big_key registered
[    0.786526] Key type trusted registered
[    0.788350] Key type encrypted registered
[    0.788999] AppArmor: AppArmor sha1 policy hashing enabled
[    0.789854] ima: No TPM chip found, activating TPM-bypass! (rc=-19)
[    0.790812] ima: Allocated hash algorithm: sha1
[    0.791543] evm: HMAC attrs: 0x1
[    0.792367]   Magic number: 4:137:437
[    0.793029] rtc_cmos rtc_cmos: setting system clock to 2020-01-16 15:25:27 UTC (1579188327)
[    0.794407] BIOS EDD facility v0.16 2004-Jun-25, 0 devices found
[    0.795336] EDD information not available.
[    1.149992] Freeing unused kernel image memory: 2428K
[    1.220661] Write protecting the kernel read-only data: 20480k
[    1.223528] Freeing unused kernel image memory: 2008K
[    1.225588] Freeing unused kernel image memory: 1884K
[    1.233567] x86/mm: Checked W+X mappings: passed, no W+X pages found.
[    1.235517] x86/mm: Checking user space page tables
[    1.242859] x86/mm: Checked W+X mappings: passed, no W+X pages found.
Loading, please wait...
starting version 237
[    1.297640] e1000: Intel(R) PRO/1000 Network Driver - version 7.3.21-k8-NAPI
[    1.299263] e1000: Copyright (c) 1999-2006 Intel Corporation.
[    1.302164] Fusion MPT base driver 3.04.20
[    1.303058] Copyright (c) 1999-2008 LSI Corporation
[    1.312031] Fusion MPT SPI Host driver 3.04.20
[    1.319125] AVX2 version of gcm_enc/dec engaged.
[    1.320432] AES CTR mode by8 optimization enabled
[    1.517518] input: ImExPS/2 Generic Explorer Mouse as /devices/platform/i8042/serio1/input/input4
[    1.677808] e1000 0000:00:03.0 eth0: (PCI:33MHz:32-bit) 02:3e:3e:1e:2f:8f
[    1.679891] e1000 0000:00:03.0 eth0: Intel(R) PRO/1000 Network Connection
[    1.682436] mptbase: ioc0: Initiating bringup
[    2.228696] ioc0: LSI53C1030 A0: Capabilities={Initiator}
[    6.225108] scsi host2: ioc0: LSI53C1030 A0, FwRev=00000000h, Ports=1, MaxQ=256, IRQ=20
[    8.714937] scsi 2:0:0:0: Direct-Access     VBOX     HARDDISK         1.0  PQ: 0 ANSI: 5
[    8.744319] scsi target2:0:0: Beginning Domain Validation
[    8.752259] scsi target2:0:0: Domain Validation skipping write tests
[    8.754090] scsi target2:0:0: Ending Domain Validation
[    8.755298] scsi target2:0:0: asynchronous
[    8.756905] scsi 2:0:1:0: Direct-Access     VBOX     HARDDISK         1.0  PQ: 0 ANSI: 5
[    9.057355] scsi target2:0:1: Beginning Domain Validation
[    9.060259] random: fast init done
[    9.061211] scsi target2:0:1: Domain Validation skipping write tests
[    9.062434] scsi target2:0:1: Ending Domain Validation
[    9.063453] scsi target2:0:1: asynchronous
[    9.067209] random: systemd-udevd: uninitialized urandom read (16 bytes read)
[    9.068647] random: systemd-udevd: uninitialized urandom read (16 bytes read)
[    9.070513] random: systemd-udevd: uninitialized urandom read (16 bytes read)
[    9.072643] sd 2:0:0:0: [sda] 20971520 512-byte logical blocks: (10.7 GB/10.0 GiB)
[    9.074252] sd 2:0:0:0: [sda] Write Protect is off
[    9.075426] sd 2:0:0:0: [sda] Incomplete mode parameter data
[    9.076905] sd 2:0:0:0: [sda] Assuming drive cache: write through
[    9.078385] sd 2:0:0:0: Attached scsi generic sg0 type 0
[    9.084746]  sda: sda1
[    9.085270] e1000 0000:00:08.0 eth1: (PCI:33MHz:32-bit) 08:00:27:9a:d0:92
[    9.085555] sd 2:0:1:0: Attached scsi generic sg1 type 0
[    9.087284] e1000 0000:00:08.0 eth1: Intel(R) PRO/1000 Network Connection
[    9.089883] sd 2:0:1:0: [sdb] 20480 512-byte logical blocks: (10.5 MB/10.0 MiB)
[    9.090559] e1000 0000:00:03.0 enp0s3: renamed from eth0
[    9.092432] sd 2:0:1:0: [sdb] Write Protect is off
[    9.092835] sd 2:0:0:0: [sda] Attached SCSI disk
[    9.096206] sd 2:0:1:0: [sdb] Incomplete mode parameter data
[    9.097212] sd 2:0:1:0: [sdb] Assuming drive cache: write through
[    9.103257] sd 2:0:1:0: [sdb] Attached SCSI disk
[    9.108617] e1000 0000:00:08.0 enp0s8: renamed from eth1
Begin: Loading essential drivers ... [   10.478129] raid6: sse2x1   gen() 12949 MB/s
[   10.524277] raid6: sse2x1   xor() 10152 MB/s
[   10.572537] raid6: sse2x2   gen() 13084 MB/s
[   10.620135] raid6: sse2x2   xor() 10995 MB/s
[   10.668498] raid6: sse2x4   gen() 16711 MB/s
[   10.716744] raid6: sse2x4   xor() 12057 MB/s
[   10.766768] raid6: avx2x1   gen() 26656 MB/s
[   10.816842] raid6: avx2x1   xor() 21748 MB/s
[   10.866888] raid6: avx2x2   gen() 29794 MB/s
[   10.912083] raid6: avx2x2   xor() 21240 MB/s
[   10.964184] raid6: avx2x4   gen() 31359 MB/s
[   11.012458] raid6: avx2x4   xor() 20894 MB/s
[   11.013535] raid6: using algorithm avx2x4 gen() 31359 MB/s
[   11.014636] raid6: .... xor() 20894 MB/s, rmw enabled
[   11.015524] raid6: using avx2x2 recovery algorithm
[   11.017696] xor: automatically using best checksumming function   avx       
[   11.020470] async_tx: api initialized (async)
done.
Begin: Running /scripts/init-premount ... done.
Begin: Mounting root file system ... Begin: Running /scripts/local-top ... done.
Begin: Running /scripts/local-premount ... [   11.059840] Btrfs loaded, crc32c=crc32c-intel
Scanning for Btrfs filesystems
done.
Warning: fsck not present, so skipping root file system
[   11.084199] EXT4-fs (sda1): mounted filesystem with ordered data mode. Opts: (null)
done.
Begin: Running /scripts/local-bottom ... done.
Begin: Running /scripts/init-bottom ... done.
[   11.245814] ip_tables: (C) 2000-2006 Netfilter Core Team
[   11.253996] systemd[1]: systemd 237 running in system mode. (+PAM +AUDIT +SELINUX +IMA +APPARMOR +SMACK +SYSVINIT +UTMP +LIBCRYPTSETUP +GCRYPT +GNUTLS +ACL +XZ +LZ4 +SECCOMP +BLKID +ELFUTILS +KMOD -IDN2 +IDN -PCRE2 default-hierarchy=hybrid)
[   11.257395] systemd[1]: Detected virtualization oracle.
[   11.258226] systemd[1]: Detected architecture x86-64.

Welcome to [1mUbuntu 18.04.3 LTS[0m!

[   11.262922] systemd[1]: Set hostname to <ubuntu>.
[   11.268276] systemd[1]: Initializing machine ID from random generator.
[   11.269310] systemd[1]: Installed transient /etc/machine-id file.
[   11.464362] systemd[1]: Reached target System Time Synchronized.
[[0;32m  OK  [0m] Reached target System Time Synchronized.
[   11.466117] systemd[1]: Started Forward Password Requests to Wall Directory Watch.
[[0;32m  OK  [0m] Started Forward Password Requests to Wall Directory Watch.
[   11.469230] systemd[1]: Created slice System Slice.
[[0;32m  OK  [0m] Created slice System Slice.
[   11.470621] systemd[1]: Listening on Journal Socket.
[[0;32m  OK  [0m] Listening on Journal Socket.
         Starting Set the console keyboard layout...
[[0;32m  OK  [0m] Listening on LVM2 metadata daemon socket.
[[0;32m  OK  [0m] Listening on Device-mapper event daemon FIFOs.
[[0;32m  OK  [0m] Created slice system-serial\x2dgetty.slice.
[[0;32m  OK  [0m] Listening on Journal Socket (/dev/log).
[[0;32m  OK  [0m] Reached target Swap.
[[0;32m  OK  [0m] Listening on Syslog Socket.
[[0;32m  OK  [0m] Set up automount Arbitrary Executab…rmats File System Automount Point.
[[0;32m  OK  [0m] Created slice User and Session Slice.
[[0;32m  OK  [0m] Reached target Slices.
         Starting Uncomplicated firewall...
[[0;32m  OK  [0m] Listening on udev Kernel Socket.
         Mounting POSIX Message Queue File System...
[[0;32m  OK  [0m] Reached target User and Group Name Lookups.
         Starting Remount Root and Kernel File Systems...
         Starting Monitoring of LVM2 mirrors…ng dmeventd or progress polling...
[[0;32m  OK  [0m] Listening on Network Service Netlink Socket.
         Starting Load Kernel Modules...
[[0;32m  OK  [0m] Listening on udev Control Socket.
         Mounting Huge Pages File System...
[[0;32m  OK  [0m] Listening on Journal Audit Socket.
         Starting Journal Service...
[[0;32m  OK  [0m] Listening on /dev/initctl Compatibility Named Pipe.
         Mounting Kernel Debug File System...
[[0;32m  OK  [0m] Listening on LVM2 poll daemon socket.
         Starting Create list of required st…ce nodes for the current kernel...
         Starting udev Coldplug all Devices...
[   11.558431] EXT4-fs (sda1): re-mounted. Opts: (null)
[[0;32m  OK  [0m] Started Uncomplicated firewall.
[   11.568698] Loading iSCSI transport class v2.0-870.
[[0;32m  OK  [0m] Mounted POSIX Message Queue File System.
[   11.576994] iscsi: registered transport (tcp)
[[0;32m  OK  [0m] Started Remount Root and Kernel File Systems.
[[0;32m  OK  [0m] Mounted Huge Pages File System.
[[0;32m  OK  [0m] Mounted Kernel Debug File System.
[[0;32m  OK  [0m] Started Create list of required sta…vice nodes for the current kernel.
[[0;32m  OK  [0m] Started LVM2 metadata daemon.
         Starting Create Static Device Nodes in /dev...
[   11.646063] iscsi: registered transport (iser)
         Starting Load/Save Random Seed...
[[0;32m  OK  [0m] Started Journal Service.
[[0;32m  OK  [0m] Started Load Kernel Modules.
[[0;32m  OK  [0m] Started Set the console keyboard layout.
[[0;32m  OK  [0m] Started Create Static Device Nodes in /dev.
         Starting udev Kernel Device Manager...
         Starting Apply Kernel Variables...
         Mounting Kernel Configuration File System...
         Mounting FUSE Control File System...
         Starting Flush Journal to Persistent Storage...
[[0;32m  OK  [0m] Mounted Kernel Configuration File System.
[[0;32m  OK  [0m] Mounted FUSE Control File System.
[[0;32m  OK  [0m] Started Monitoring of LVM2 mirrors,…sing dmeventd or progress polling.
[[0;32m  OK  [0m] Reached target Local File Systems (Pre).
[[0;32m  OK  [0m] Reached target Local File Systems.
         Starting Tell Plymouth To Write Out Runtime Data...
         Starting Commit a transient machine-id on disk...
         Starting ebtables ruleset management...
         Starting Set console font and keymap...
         Starting AppArmor initialization...
[[0;32m  OK  [0m] Started Load/Save Random Seed.
[[0;32m  OK  [0m] Started udev Coldplug all Devices.
[[0;32m  OK  [0m] Started Tell Plymouth To Write Out Runtime Data.
[[0;32m  OK  [0m] Started Set console font and keymap.
[[0;32m  OK  [0m] Started udev Kernel Device Manager.
[[0;32m  OK  [0m] Started Dispatch Password Requests to Console Directory Watch.
[[0;32m  OK  [0m] Reached target Local Encrypted Volumes.
[[0;32m  OK  [0m] Started Apply Kernel Variables.
[[0;32m  OK  [0m] Started Flush Journal to Persistent Storage.
         Starting Create Volatile Files and Directories...
[[0;32m  OK  [0m] Started Commit a transient machine-id on disk.
[[0;32m  OK  [0m] Started Create Volatile Files and Directories.
         Starting Update UTMP about System Boot/Shutdown...
[[0;32m  OK  [0m] Started Update UTMP about System Boot/Shutdown.
[[0;32m  OK  [0m] Started ebtables ruleset management.
[[0;32m  OK  [0m] Found device /dev/ttyS0.
[[0;32m  OK  [0m] Listening on Load/Save RF Kill Switch Status /dev/rfkill Watch.
[[0;32m  OK  [0m] Started AppArmor initialization.
         Starting Initial cloud-init job (pre-networking)...
[   13.583039] cloud-init[560]: Cloud-init v. 19.3-41-gc4735dd3-0ubuntu1~18.04.1 running 'init-local' at Thu, 16 Jan 2020 15:25:39 +0000. Up 13.21 seconds.
[[0;32m  OK  [0m] Started Initial cloud-init job (pre-networking).
[[0;32m  OK  [0m] Reached target Network (Pre).
         Starting Network Service...
[[0;32m  OK  [0m] Started Network Service.
         Starting Wait for Network to be Configured...
         Starting Network Name Resolution...
[[0;32m  OK  [0m] Started Network Name Resolution.
[[0;32m  OK  [0m] Reached target Network.
[[0;32m  OK  [0m] Reached target Host and Network Name Lookups.
[[0;32m  OK  [0m] Started Wait for Network to be Configured.
         Starting Initial cloud-init job (metadata service crawler)...
[   16.090795] cloud-init[680]: Cloud-init v. 19.3-41-gc4735dd3-0ubuntu1~18.04.1 running 'init' at Thu, 16 Jan 2020 15:25:42 +0000. Up 15.93 seconds.
[   16.092776] cloud-init[680]: ci-info: ++++++++++++++++++++++++++++++++++++++Net device info+++++++++++++++++++++++++++++++++++++++
[   16.094611] cloud-init[680]: ci-info: +--------+-------+----------------------------+---------------+--------+-------------------+
[   16.096396] cloud-init[680]: ci-info: | Device |   Up  |          Address           |      Mask     | Scope  |     Hw-Address    |
[   16.108785] cloud-init[680]: ci-info: +--------+-------+----------------------------+---------------+--------+-------------------+
[   16.120514] cloud-init[680]: ci-info: | enp0s3 |  True |         10.0.2.15          | 255.255.255.0 | global | 02:3e:3e:1e:2f:8f |
[   16.121689] cloud-init[680]: ci-info: | enp0s3 |  True | fe80::3e:3eff:fe1e:2f8f/64 |       .       |  link  | 02:3e:3e:1e:2f:8f |
[   16.123104] cloud-init[680]: ci-info: | enp0s8 | False |             .              |       .       |   .    | 08:00:27:9a:d0:92 |
[   16.124467] cloud-init[680]: ci-info: |   lo   |  True |         127.0.0.1          |   255.0.0.0   |  host  |         .         |
[   16.136192] cloud-init[680]: ci-info: |   lo   |  True |          ::1/128           |       .       |  host  |         .         |
[   16.148448] cloud-init[680]: ci-info: +--------+-------+----------------------------+---------------+--------+-------------------+
[   16.160192] cloud-init[680]: ci-info: ++++++++++++++++++++++++++++Route IPv4 info+++++++++++++++++++++++++++++
[   16.161176] cloud-init[680]: ci-info: +-------+-------------+----------+-----------------+-----------+-------+
[   16.162618] cloud-init[680]: ci-info: | Route | Destination | Gateway  |     Genmask     | Interface | Flags |
[   16.163878] cloud-init[680]: ci-info: +-------+-------------+----------+-----------------+-----------+-------+
[   16.176185] cloud-init[680]: ci-info: |   0   |   0.0.0.0   | 10.0.2.2 |     0.0.0.0     |   enp0s3  |   UG  |
[   16.188311] cloud-init[680]: ci-info: |   1   |   10.0.2.0  | 0.0.0.0  |  255.255.255.0  |   enp0s3  |   U   |
[   16.200339] cloud-init[680]: ci-info: |   2   |   10.0.2.2  | 0.0.0.0  | 255.255.255.255 |   enp0s3  |   UH  |
[   16.212953] cloud-init[680]: ci-info: +-------+-------------+----------+-----------------+-----------+-------+
[   16.214526] cloud-init[680]: ci-info: +++++++++++++++++++Route IPv6 info+++++++++++++++++++
[   16.215677] cloud-init[680]: ci-info: +-------+-------------+---------+-----------+-------+
[   16.217073] cloud-init[680]: ci-info: | Route | Destination | Gateway | Interface | Flags |
[   16.219603] cloud-init[680]: ci-info: +-------+-------------+---------+-----------+-------+
[   16.220782] cloud-init[680]: ci-info: |   1   |  fe80::/64  |    ::   |   enp0s3  |   U   |
[   16.222217] cloud-init[680]: ci-info: |   3   |    local    |    ::   |   enp0s3  |   U   |
[   16.223784] cloud-init[680]: ci-info: |   4   |   ff00::/8  |    ::   |   enp0s3  |   U   |
[   16.225439] cloud-init[680]: ci-info: +-------+-------------+---------+-----------+-------+
[   16.853029] cloud-init[680]: Generating public/private rsa key pair.
[   16.856190] cloud-init[680]: Your identification has been saved in /etc/ssh/ssh_host_rsa_key.
[   16.858252] cloud-init[680]: Your public key has been saved in /etc/ssh/ssh_host_rsa_key.pub.
[   16.859951] cloud-init[680]: The key fingerprint is:
[   16.876606] cloud-init[680]: SHA256:/ziT5PfqR3kWMLjze1/DKXkGLnqrRRYKrmMFO5CYShA root@ubuntu-bionic
[   16.878786] cloud-init[680]: The key's randomart image is:
[   16.880395] cloud-init[680]: +---[RSA 2048]----+
[   16.881493] cloud-init[680]: |E.          .    |
[   16.893731] cloud-init[680]: |. o .      . o   |
[   16.904732] cloud-init[680]: | + o . .   .. o  |
[   16.906190] cloud-init[680]: |o   . + . .o.  . |
[   16.907844] cloud-init[680]: |.    o oS. oo. ..|
[   16.908842] cloud-init[680]: |      +  .+ ..* +|
[   16.920599] cloud-init[680]: |     +   o.+ =.O.|
[   16.921429] cloud-init[680]: |    . .   B+o.=.o|
[   16.922524] cloud-init[680]: |         o+*=+o o|
[   16.923244] cloud-init[680]: +----[SHA256]-----+
[   16.924778] cloud-init[680]: Generating public/private dsa key pair.
[   16.926678] cloud-init[680]: Your identification has been saved in /etc/ssh/ssh_host_dsa_key.
[   16.928807] cloud-init[680]: Your public key has been saved in /etc/ssh/ssh_host_dsa_key.pub.
[   16.932304] cloud-init[680]: The key fingerprint is:
[   16.934790] cloud-init[680]: SHA256:DYFOJB/paAphES4+HyWhuMbdDCOH5qA+XX9VJGCONrw root@ubuntu-bionic
[   16.944775] cloud-init[680]: The key's randomart image is:
[[0;32m  OK  [0m] Started Initial cloud-init job (metadata service crawler).
[   16.961667] cloud-init[680]: +---[DSA 1024]----+
[[0;32m  OK  [0m] Reached target System Initialization.
[   16.973912] [[0;32m  OK  [0m] Listening on Open-iSCSI iscsid Socket.
[[0;32m  OK  [0m] Listening on ACPID Listen Socket.
cloud-init[680]: | oo...oo.o.. .   |
[[0;32m  OK  [0m] Started ACPI Events Check.
[[0;32m  OK  [0m] Reached target Paths.
[   16.988726] cloud-init[680]: |+.o .o=.+.  o    |[
[0;32m  OK  [0m] Started Message of the Day.
[   16.990771] cloud-init[680]: |=B = *.=..   .   |
         Starting LXD - unix socket.
[   16.993777] cloud-init[[0;32m  OK  [0m] Started Daily apt download activities.
[[0;32m  OK  [0m] Started Daily apt upgrade and clean activities.
[[0;32m  OK  [0m] Listening on UUID daemon activation socket.
[[0;32m  OK  [0m] Started Daily Cleanup of Temporary Directories.
[[0;32m  OK  [0m] Listening on D-Bus System Message Bus Socket.
[[0;32m  OK  [0m] Started Discard unused blocks once a week.
[[0;32m  OK  [0m] Reached target Timers.
[680]: |X.+ X + oo  .    |         Starting Socket activation for snappy daemon.

[[0;32m  OK  [0m] Reached target Network is Online.
[   17.002223] cloud-init[680]: |oB = + ES ..     |
         Starting Availability of block devices...
[[0;32m  OK  [0m] Reached target Remote File Systems (Pre).
[   17.019802] [cloud-init[0;32m  OK  [0m[680]: ] |o = o .   .      |Reached target Remote File Systems.

[[0;32m  OK  [0m] Reached target Cloud-config availability.
[   17.031301] cloud-init[680]: | o o   . .       |
[[0;32m  OK  [0m] Listening on LXD - unix socket.
[   17.032313] [[0;32m  OK  [0m] Listening on Socket activation for snappy daemon.
cloud-init[680]: |  .     .        |
[[0;32m  OK  [0m] Started Availability of block devices.
[   17.045645] cloud-init[680]: |                 |
[   17.046932] [[0;32m  OK  [0m] Reached target Sockets.
cloud-init[680]: [+----[SHA256]-----+[0;32m  OK  [0m
] Reached target Basic System.
         Starting Pollinate to seed the pseudo random number generator...
[   17.060653] cloud-init[680]: Generating public/private ecdsa key pair.
         Starting LSB: Record successful boot for GRUB...
[   17.072895] cloud-init[680]: Your identification has been saved in /etc/ssh/ssh_host_ecdsa_key.
         Starting Virtualbox guest utils...
         Starting Login Service...
[[0;32m  OK  [0m] Started Deferred execution scheduler.
         Starting Permit User Sessions...
[[0;32m  OK  [0m] Started FUSE filesystem for LXC.
         Starting Accounts Service...
         Starting System Logging Service...
         Starting LSB: automatic crash report generation...
[   17.091525] cloud-init[680]: Your public key has been saved in /etc/ssh/ssh_host_ecdsa_key.pub.
[   17.150955] cloud-init[680]: The key fingerprint is:
[   17.152272] cloud-init[680]: SHA256:6VMta/na3njvrl9tvqNUtIObXwHPcFlqh6BcFUJoWJo root@ubuntu-bionic
[   17.153361] cloud-init[680]: The key's randomart image is:
[   17.154933] cloud-init[680]: +---[ECDSA 256]---+
[   17.164521] cloud-init[680]: |         o.o=.o..|
[   17.165773] cloud-init[680]: |        .+oo o oo|
[   17.176289] cloud-init[680]: |        E.o  o++.|
[   17.177872] cloud-init[680]: |         . . .O..|
[   17.179021] cloud-init[680]: |        S o .. B |
[   17.179963] cloud-init[680]: |       . . +  + +|
[   17.181119] cloud-init[680]: |        o +  +  =|
[   17.182350] cloud-init[680]: |         o o.oo+o|
[   17.183381] cloud-init[680]: |          .o=o+OO|
[   17.184382] cloud-init[680]: +----[SHA256]-----+
[   17.186054] cloud-init[680]: Generating public/private ed25519 key pair.
[   17.187675] cloud-init[680]: Your identification has been saved in /etc/ssh/ssh_host_ed25519_key.
[   17.189727] cloud-init[680]: Your public key has been saved in /etc/ssh/ssh_host_ed25519_key.pub.
[   17.191289] cloud-init[680]: The key fingerprint is:
[   17.192586] cloud-init[680]: SHA256:hMktabsnngaxi5watPHsbDwmOElM0z5VU5xVzcP8q1Q root@ubuntu-bionic
[   17.194106] cloud-init[680]: The key's randomart image is:
[   17.195058] cloud-init[680]: +--[ED25519 256]--+
[   17.196465] cloud-init[680]: |        o.o...=  |
[   17.208288] cloud-init[680]: |     . B o     * |
[   17.208932] cloud-init[680]: |  .   O +       o|
         Starting Dispatcher daemon for systemd-networkd...
[[0;32m  OK  [0m] Started D-Bus System Message Bus.
[   17.226863] cloud-init[680]: | o ..o +       E.|
[   17.230332] cloud-init[680]: |ooo .o. S     . .|
[   17.230760] cloud-init[680]: |.o=oo  .     . . |
[   17.240187] cloud-init[680]: |++.=.oo .   . .  |
[   17.241824] cloud-init[680]: |+o*=...+     .   |
[   17.243812] cloud-init[680]: |.o+o..o          |
[   17.244722] cloud-init[680]: +----[SHA256]-----+
[[0;32m  OK  [0m] Started Login Service.
[[0;32m  OK  [0m] Started Regular background program processing daemon.
[[0;32m  OK  [0m] Started Unattended Upgrades Shutdown.
[[0;32m  OK  [0m] Started irqbalance daemon.
         Starting Snappy daemon...
         Starting LXD - container startup/shutdown...
[[0;32m  OK  [0m] Started System Logging Service.
[[0;32m  OK  [0m] Started Permit User Sessions.
         Starting Authorization Manager...
         Starting Terminate Plymouth Boot Screen...
         Starting Hold until boot process finishes up...
[[0;32m  OK  [0m] Started Hold until boot process finishes up.
[[0;32m  OK  [0m] Started LSB: automatic crash report generation.
[[0;32m  OK  [0m] Started Terminate Plymouth Boot Screen.
[[0;32m  OK  [0m] Started Serial Getty on ttyS0.
         Starting Set console scheme...
[[0;32m  OK  [0m] Started LSB: Record successful boot for GRUB.
[[0;32m  OK  [0m] Started LXD - container startup/shutdown.
[[0;32m  OK  [0m] Started Authorization Manager.
[[0;32m  OK  [0m] Started Accounts Service.
[[0;32m  OK  [0m] Started Set console scheme.
[[0;32m  OK  [0m] Created slice system-getty.slice.
[[0;32m  OK  [0m] Started Getty on tty1.
[[0;32m  OK  [0m] Reached target Login Prompts.
[[0;32m  OK  [0m] Started Virtualbox guest utils.
[[0;32m  OK  [0m] Started Dispatcher daemon for systemd-networkd.
[[0;32m  OK  [0m] Started Pollinate to seed the pseudo random number generator.
         Starting OpenBSD Secure Shell server...
[[0;32m  OK  [0m] Started OpenBSD Secure Shell server.
[[0;32m  OK  [0m] Started Snappy daemon.
         Starting Wait until snapd is fully seeded...
[[0;32m  OK  [0m] Started Wait until snapd is fully seeded.
         Starting Apply the settings specified in cloud-config...
[[0;32m  OK  [0m] Reached target Multi-User System.
[[0;32m  OK  [0m] Reached target Graphical Interface.
         Starting Update UTMP about System Runlevel Changes...
[[0;32m  OK  [0m] Started Update UTMP about System Runlevel Changes.
[   19.789332] cloud-init[1241]: Cloud-init v. 19.3-41-gc4735dd3-0ubuntu1~18.04.1 running 'modules:config' at Thu, 16 Jan 2020 15:25:46 +0000. Up 19.41 seconds.
[[0;32m  OK  [0m] Started Apply the settings specified in cloud-config.
         Starting Execute cloud user/final scripts...
ci-info: no authorized ssh keys fingerprints found for user ubuntu.
<14>Jan 16 15:25:46 ec2: 
<14>Jan 16 15:25:46 ec2: #############################################################
<14>Jan 16 15:25:46 ec2: -----BEGIN SSH HOST KEY FINGERPRINTS-----
<14>Jan 16 15:25:46 ec2: 1024 SHA256:DYFOJB/paAphES4+HyWhuMbdDCOH5qA+XX9VJGCONrw root@ubuntu-bionic (DSA)
<14>Jan 16 15:25:46 ec2: 256 SHA256:6VMta/na3njvrl9tvqNUtIObXwHPcFlqh6BcFUJoWJo root@ubuntu-bionic (ECDSA)
<14>Jan 16 15:25:46 ec2: 256 SHA256:hMktabsnngaxi5watPHsbDwmOElM0z5VU5xVzcP8q1Q root@ubuntu-bionic (ED25519)
<14>Jan 16 15:25:46 ec2: 2048 SHA256:/ziT5PfqR3kWMLjze1/DKXkGLnqrRRYKrmMFO5CYShA root@ubuntu-bionic (RSA)
<14>Jan 16 15:25:46 ec2: -----END SSH HOST KEY FINGERPRINTS-----
<14>Jan 16 15:25:46 ec2: #############################################################
-----BEGIN SSH HOST KEY KEYS-----
ecdsa-sha2-nistp256 AAAAE2VjZHNhLXNoYTItbmlzdHAyNTYAAAAIbmlzdHAyNTYAAABBBBPiYu8sLwPt4GKj9c6Rfbs13Rdi+jrZjzYMdAMPu6rVMxyRW2re0ZkS7TzFJHKJjkhq/uhivr4jKwRnhshxRRw= root@ubuntu-bionic
ssh-ed25519 AAAAC3NzaC1lZDI1NTE5AAAAIBwLVEJinsHmzvWvV7cF63zDi97Id5HFk3LibxdH6/p0 root@ubuntu-bionic
ssh-rsa AAAAB3NzaC1yc2EAAAADAQABAAABAQDI11snpRg7rt28efJNN26vNCxFCWqK5rHwlIi9MSojlHCBsYTZl9fvqhYuBtRVtLN04mYp31KgFHEwGd+cy+9R9BbN1XLLUIFclokm46PxE8tI5Ly7iJMtcgtltu52hi0DESWlUo3m6/ceL/3bPbFPe+iGF0mCEncZYaYm1+Wl4KSvDUYwl28RqvumptEKKyOCb8s9NwMi7uc77NX6By69pHBdVQDrc9kzBQ1TnFQIp7PXV1DH6NDejY1qCsWRiNHjafFZTD2y92e8glNid07PdZx7yRn+Op5gMkMfyH45yFDYNARQuAummFjviCeJh7duiTPF9rL1exqUeUIAKYrP root@ubuntu-bionic
-----END SSH HOST KEY KEYS-----
[   20.230310] cloud-init[1312]: Cloud-init v. 19.3-41-gc4735dd3-0ubuntu1~18.04.1 running 'modules:final' at Thu, 16 Jan 2020 15:25:46 +0000. Up 20.10 seconds.
[   20.231642] cloud-init[1312]: ci-info: no authorized ssh keys fingerprints found for user ubuntu.
[   20.248755] cloud-init[1312]: Cloud-init v. 19.3-41-gc4735dd3-0ubuntu1~18.04.1 finished at Thu, 16 Jan 2020 15:25:46 +0000. Datasource DataSourceNoCloud [seed=/dev/sdb][dsmode=net].  Up 20.22 seconds
[[0;32m  OK  [0m] Started Execute cloud user/final scripts.
[[0;32m  OK  [0m] Reached target Cloud-init target.

Ubuntu 18.04.3 LTS ubuntu-bionic ttyS0

ubuntu-bionic login: 